<?xml version="1.0" encoding="UTF-8"?>
<!-- Generated by org.testng.reporters.JUnitReportReporter -->
<testsuite hostname="LAPTOP-C4MU8N3S" failures="0" tests="1" name="Config.TestingCode.NewTest95" time="24.712" errors="0" timestamp="2023-04-14T18:52:52 EDT" skipped="0">
  <testcase classname="Config.TestingCode.NewTest95" name="f1" time="24.712"/>
  <system-out/>
</testsuite> <!-- Config.TestingCode.NewTest95 -->
