<?xml version="1.0" encoding="UTF-8"?>
<!-- Generated by org.testng.reporters.JUnitReportReporter -->
<testsuite hostname="LAPTOP-C4MU8N3S" failures="0" tests="2" name="Config.TestingCode.datapNewTest" time="4.409" errors="0" timestamp="2023-04-12T18:03:12 EDT" skipped="0">
  <testcase classname="Config.TestingCode.datapNewTest" name="f" time="2.828"/>
  <system-out/>
  <testcase classname="Config.TestingCode.datapNewTest" name="f" time="1.581"/>
  <system-out/>
</testsuite> <!-- Config.TestingCode.datapNewTest -->
