<?xml version="1.0" encoding="UTF-8"?>
<!-- Generated by org.testng.reporters.JUnitReportReporter -->
<testsuite hostname="LAPTOP-C4MU8N3S" failures="0" tests="1" name="Config.TestingCode.BrowserNewTest" time="8.362" errors="0" timestamp="2023-04-10T17:32:44 EDT" skipped="0">
  <testcase classname="Config.TestingCode.BrowserNewTest" name="f1" time="8.362"/>
  <system-out/>
</testsuite> <!-- Config.TestingCode.BrowserNewTest -->
